<?xml version="1.0" encoding="UTF-8"?>
<!-- Generated by org.testng.reporters.JUnitReportReporter -->
<testsuite skipped="0" hostname="Suresh-PC" name="testcases.DriverScript" tests="1" failures="0" timestamp="08 Jan 2019 16:31:40 GMT" time="56.167" errors="0">
  <testcase name="function" time="56.167" classname="testcases.DriverScript"/>
</testsuite> <!-- testcases.DriverScript -->
