<?xml version="1.0" encoding="UTF-8"?>
<!-- Generated by org.testng.reporters.JUnitReportReporter -->
<testsuite skipped="0" hostname="Suresh-PC" name="testSuit.DriverScript" tests="2" failures="0" timestamp="24 Jan 2019 16:28:25 GMT" time="39.610" errors="0">
  <testcase name="Test_1011" time="20.135" classname="testSuit.DriverScript"/>
  <testcase name="Test_1010" time="19.475" classname="testSuit.DriverScript"/>
</testsuite> <!-- testSuit.DriverScript -->
