<?xml version="1.0" encoding="UTF-8"?>
<!-- Generated by org.testng.reporters.JUnitReportReporter -->
<testsuite skipped="0" hostname="Suresh-PC" name="testSuit.DriverScript" tests="2" failures="0" timestamp="02 Feb 2019 14:50:38 GMT" time="84.182" errors="0">
  <testcase name="Test_1011" time="25.203" classname="testSuit.DriverScript"/>
  <testcase name="Test_1010" time="58.979" classname="testSuit.DriverScript"/>
</testsuite> <!-- testSuit.DriverScript -->
