<?xml version="1.0" encoding="UTF-8"?>
<!-- Generated by org.testng.reporters.JUnitReportReporter -->
<testsuite skipped="0" hostname="Suresh-PC" name="testcases.DriverScript" tests="1" failures="0" timestamp="08 Jan 2019 17:00:34 GMT" time="69.200" errors="0">
  <testcase name="function" time="69.200" classname="testcases.DriverScript"/>
</testsuite> <!-- testcases.DriverScript -->
