<?xml version="1.0" encoding="UTF-8"?>
<!-- Generated by org.testng.reporters.JUnitReportReporter -->
<testsuite skipped="0" hostname="Suresh-PC" name="testSuit.DriverScript" tests="2" failures="0" timestamp="24 Jan 2019 16:30:30 GMT" time="46.948" errors="0">
  <testcase name="Test_1011" time="20.757" classname="testSuit.DriverScript"/>
  <testcase name="Test_1010" time="26.191" classname="testSuit.DriverScript"/>
</testsuite> <!-- testSuit.DriverScript -->
