<?xml version="1.0" encoding="UTF-8"?>
<!-- Generated by org.testng.reporters.JUnitReportReporter -->
<testsuite skipped="0" hostname="Suresh-PC" name="testSuit.DriverScript" tests="2" failures="0" timestamp="02 Feb 2019 14:37:23 GMT" time="43.364" errors="0">
  <testcase name="Test_1010" time="21.951" classname="testSuit.DriverScript"/>
  <testcase name="Test_1011" time="21.413" classname="testSuit.DriverScript"/>
</testsuite> <!-- testSuit.DriverScript -->
